2018-07-16 20:08:40,892 CRIT Supervisor running as root (no user in config file)
2018-07-16 20:08:40,893 WARN Included extra file "/etc/supervisor/conf.d/supervisord.conf" during parsing
2018-07-16 20:08:40,905 INFO RPC interface 'supervisor' initialized
2018-07-16 20:08:40,905 CRIT Server 'unix_http_server' running without any HTTP authentication checking
2018-07-16 20:08:40,906 INFO supervisord started with pid 1
2018-07-16 20:08:41,910 INFO spawned: 'varnishd' with pid 13
2018-07-16 20:08:41,927 INFO spawned: 'php-fpm' with pid 14
2018-07-16 20:08:41,931 INFO spawned: 'varnish-plugins-watcher' with pid 15
2018-07-16 20:08:41,941 INFO spawned: 'nginx' with pid 16
2018-07-16 20:08:41,957 INFO spawned: 'MailHog' with pid 17
2018-07-16 20:08:41,968 INFO spawned: 'mysql' with pid 20
2018-07-16 20:08:41,986 INFO spawned: 'varnish-themes-watcher' with pid 21
2018-07-16 20:08:43,849 INFO success: varnishd entered RUNNING state, process has stayed up for > than 1 seconds (startsecs)
2018-07-16 20:08:43,850 INFO success: php-fpm entered RUNNING state, process has stayed up for > than 1 seconds (startsecs)
2018-07-16 20:08:43,850 INFO success: varnish-plugins-watcher entered RUNNING state, process has stayed up for > than 1 seconds (startsecs)
2018-07-16 20:08:43,850 INFO success: nginx entered RUNNING state, process has stayed up for > than 1 seconds (startsecs)
2018-07-16 20:08:43,850 INFO success: MailHog entered RUNNING state, process has stayed up for > than 1 seconds (startsecs)
2018-07-16 20:08:43,850 INFO success: mysql entered RUNNING state, process has stayed up for > than 1 seconds (startsecs)
2018-07-16 20:08:43,851 INFO success: varnish-themes-watcher entered RUNNING state, process has stayed up for > than 1 seconds (startsecs)
2018-07-16 20:10:54,228 INFO exited: varnishd (exit status 0; expected)
2018-07-16 20:10:55,233 INFO spawned: 'varnishd' with pid 411
2018-07-16 20:10:56,766 INFO success: varnishd entered RUNNING state, process has stayed up for > than 1 seconds (startsecs)
2018-07-16 20:11:04,737 INFO exited: varnishd (exit status 0; expected)
2018-07-16 20:11:05,742 INFO spawned: 'varnishd' with pid 644
2018-07-16 20:11:07,368 INFO success: varnishd entered RUNNING state, process has stayed up for > than 1 seconds (startsecs)
2018-07-16 20:11:15,971 INFO exited: varnishd (exit status 0; expected)
2018-07-16 20:11:16,975 INFO spawned: 'varnishd' with pid 877
2018-07-16 20:11:18,536 INFO success: varnishd entered RUNNING state, process has stayed up for > than 1 seconds (startsecs)
